[Info ] 2020-09-05 14:26:34 Logger initialized.
[Trace] 2020-09-05 14:26:34 New Relic .NET CoreCLR Agent
[Info ] 2020-09-05 14:26:34 Initializing ThreadProfiler
[Info ] 2020-09-05 14:26:34 ICorProfilerInfo10 available
[Info ] 2020-09-05 14:26:34 Found newrelic.config at: C:\Logger Component\asp\WebApplication1\WebApplication1\bin\Debug\netcoreapp3.1\newrelic\newrelic.config
[Info ] 2020-09-05 14:26:34 <-- New logging level set: Debug
[Debug] 2020-09-05 14:26:34 Searching for New Relic Agent DLL at: C:\ProgramData\New Relic\.NET Agent\NewRelic.Agent.Core.dll
[Debug] 2020-09-05 14:26:34 Searching for New Relic Agent DLL at: C:\ProgramData\New Relic\.NET Agent\netcore\NewRelic.Agent.Core.dll
[Debug] 2020-09-05 14:26:34 Searching for New Relic Agent DLL at: C:\Logger Component\asp\WebApplication1\WebApplication1\bin\Debug\netcoreapp3.1\newrelic\NewRelic.Agent.Core.dll
[Info ] 2020-09-05 14:26:34 New Relic .NET CoreCLR Agent v8.31.0.0
[Info ] 2020-09-05 14:26:34 Loading instrumentation from C:\Logger Component\asp\WebApplication1\WebApplication1\bin\Debug\netcoreapp3.1\newrelic\extensions
[Debug] 2020-09-05 14:26:34 Parsing instrumentation file 'C:\Logger Component\asp\WebApplication1\WebApplication1\bin\Debug\netcoreapp3.1\newrelic\extensions\NewRelic.Providers.Wrapper.AspNetCore.Instrumentation.xml
[Debug] 2020-09-05 14:26:34 Parsing instrumentation file 'C:\Logger Component\asp\WebApplication1\WebApplication1\bin\Debug\netcoreapp3.1\newrelic\extensions\NewRelic.Providers.Wrapper.HttpClient.Instrumentation.xml
[Debug] 2020-09-05 14:26:34 Parsing instrumentation file 'C:\Logger Component\asp\WebApplication1\WebApplication1\bin\Debug\netcoreapp3.1\newrelic\extensions\NewRelic.Providers.Wrapper.Misc.Instrumentation.xml
[Debug] 2020-09-05 14:26:34 Parsing instrumentation file 'C:\Logger Component\asp\WebApplication1\WebApplication1\bin\Debug\netcoreapp3.1\newrelic\extensions\NewRelic.Providers.Wrapper.MongoDb26.Instrumentation.xml
[Debug] 2020-09-05 14:26:34 Parsing instrumentation file 'C:\Logger Component\asp\WebApplication1\WebApplication1\bin\Debug\netcoreapp3.1\newrelic\extensions\NewRelic.Providers.Wrapper.Sql.Instrumentation.xml
[Debug] 2020-09-05 14:26:34 Parsing instrumentation file 'C:\Logger Component\asp\WebApplication1\WebApplication1\bin\Debug\netcoreapp3.1\newrelic\extensions\NewRelic.Providers.Wrapper.StackExchangeRedis.Instrumentation.xml
[Info ] 2020-09-05 14:26:34 Command line: "C:\Logger Component\asp\WebApplication1\WebApplication1\bin\Debug\netcoreapp3.1\WebApplication1.exe"
[Debug] 2020-09-05 14:26:34 Calling SetEventMask2().
[Info ] 2020-09-05 14:26:34 Profiler initialized
[Debug] 2020-09-05 14:26:34 Found 1 method(s) matching ConfigureWebHost
[Debug] 2020-09-05 14:26:34 Found 1 method(s) matching BuildCommonServices
[Debug] 2020-09-05 14:26:34 ReJit success
[Debug] 2020-09-05 14:26:34 Request reJIT: [140712224189288] (Module: C:\Program Files\dotnet\shared\Microsoft.AspNetCore.App\3.1.7\Microsoft.AspNetCore.Hosting.dll, AppDomain: clrhost)[Microsoft.AspNetCore.Hosting]Microsoft.Extensions.Hosting.GenericHostWebHostBuilderExtensions.ConfigureWebHost(Microsoft.Extensions.Hosting.IHostBuilder,System.Action`1[Microsoft.AspNetCore.Hosting.IWebHostBuilder])
[Info ] 2020-09-05 14:26:34 Instrumenting method: (Module: C:\Program Files\dotnet\shared\Microsoft.AspNetCore.App\3.1.7\Microsoft.AspNetCore.Hosting.dll, AppDomain: clrhost)[Microsoft.AspNetCore.Hosting]Microsoft.Extensions.Hosting.GenericHostWebHostBuilderExtensions.ConfigureWebHost(Microsoft.Extensions.Hosting.IHostBuilder,System.Action`1[Microsoft.AspNetCore.Hosting.IWebHostBuilder])
[Debug] 2020-09-05 14:26:37 Found 4 method(s) matching SendAsync
[Debug] 2020-09-05 14:26:37 ReJit success
[Debug] 2020-09-05 14:26:37 Request reJIT: [140712237620072] (Module: C:\Program Files\dotnet\shared\Microsoft.NETCore.App\3.1.7\System.Net.Http.dll, AppDomain: clrhost)[System.Net.Http]System.Net.Http.HttpClient.SendAsync(System.Net.Http.HttpRequestMessage,System.Net.Http.HttpCompletionOption,System.Threading.CancellationToken)
[Info ] 2020-09-05 14:26:37 Instrumenting method: (Module: C:\Program Files\dotnet\shared\Microsoft.NETCore.App\3.1.7\System.Net.Http.dll, AppDomain: clrhost)[System.Net.Http]System.Net.Http.HttpClient.SendAsync(System.Net.Http.HttpRequestMessage,System.Net.Http.HttpCompletionOption,System.Threading.CancellationToken)
[Debug] 2020-09-05 14:26:37 Rewriting multi-return method
[Info ] 2020-09-05 14:26:40 Unable to find Microsoft.AspNetCore.Mvc.Internal.ControllerActionInvoker for rejit. HR:-2146234064
[Debug] 2020-09-05 14:26:40 Found 1 method(s) matching InvokeActionMethodAsync
[Debug] 2020-09-05 14:26:40 ReJit success
[Debug] 2020-09-05 14:26:56 Request reJIT: [140712246876168] (Module: C:\Program Files\dotnet\shared\Microsoft.AspNetCore.App\3.1.7\Microsoft.AspNetCore.Mvc.Core.dll, AppDomain: clrhost)[Microsoft.AspNetCore.Mvc.Core]Microsoft.AspNetCore.Mvc.Infrastructure.ControllerActionInvoker.InvokeActionMethodAsync()
[Info ] 2020-09-05 14:26:56 Instrumenting method: (Module: C:\Program Files\dotnet\shared\Microsoft.AspNetCore.App\3.1.7\Microsoft.AspNetCore.Mvc.Core.dll, AppDomain: clrhost)[Microsoft.AspNetCore.Mvc.Core]Microsoft.AspNetCore.Mvc.Infrastructure.ControllerActionInvoker.InvokeActionMethodAsync()
[Debug] 2020-09-05 14:26:56 Rewriting multi-return method
[Info ] 2020-09-05 14:28:03 Profiler shutting down
[Info ] 2020-09-05 14:28:03 Profiler shutdown
