[Info ] 2020-09-06 10:49:28 Logger initialized.
[Trace] 2020-09-06 10:49:28 New Relic .NET CoreCLR Agent
[Info ] 2020-09-06 10:49:28 Initializing ThreadProfiler
[Info ] 2020-09-06 10:49:28 ICorProfilerInfo10 available
[Info ] 2020-09-06 10:49:28 Found newrelic.config at: C:\Logger Component\asp\WebApplication1\WebApplication1\bin\Debug\netcoreapp3.1\newrelic\newrelic.config
[Info ] 2020-09-06 10:49:28 <-- New logging level set: Debug
[Debug] 2020-09-06 10:49:28 Searching for New Relic Agent DLL at: C:\ProgramData\New Relic\.NET Agent\NewRelic.Agent.Core.dll
[Debug] 2020-09-06 10:49:28 Searching for New Relic Agent DLL at: C:\ProgramData\New Relic\.NET Agent\netcore\NewRelic.Agent.Core.dll
[Debug] 2020-09-06 10:49:28 Searching for New Relic Agent DLL at: C:\Logger Component\asp\WebApplication1\WebApplication1\bin\Debug\netcoreapp3.1\newrelic\NewRelic.Agent.Core.dll
[Info ] 2020-09-06 10:49:28 New Relic .NET CoreCLR Agent v8.31.0.0
[Info ] 2020-09-06 10:49:28 Loading instrumentation from C:\Logger Component\asp\WebApplication1\WebApplication1\bin\Debug\netcoreapp3.1\newrelic\extensions
[Debug] 2020-09-06 10:49:28 Parsing instrumentation file 'C:\Logger Component\asp\WebApplication1\WebApplication1\bin\Debug\netcoreapp3.1\newrelic\extensions\NewRelic.Providers.Wrapper.AspNetCore.Instrumentation.xml
[Debug] 2020-09-06 10:49:28 Parsing instrumentation file 'C:\Logger Component\asp\WebApplication1\WebApplication1\bin\Debug\netcoreapp3.1\newrelic\extensions\NewRelic.Providers.Wrapper.HttpClient.Instrumentation.xml
[Debug] 2020-09-06 10:49:28 Parsing instrumentation file 'C:\Logger Component\asp\WebApplication1\WebApplication1\bin\Debug\netcoreapp3.1\newrelic\extensions\NewRelic.Providers.Wrapper.Misc.Instrumentation.xml
[Debug] 2020-09-06 10:49:28 Parsing instrumentation file 'C:\Logger Component\asp\WebApplication1\WebApplication1\bin\Debug\netcoreapp3.1\newrelic\extensions\NewRelic.Providers.Wrapper.MongoDb26.Instrumentation.xml
[Debug] 2020-09-06 10:49:28 Parsing instrumentation file 'C:\Logger Component\asp\WebApplication1\WebApplication1\bin\Debug\netcoreapp3.1\newrelic\extensions\NewRelic.Providers.Wrapper.Sql.Instrumentation.xml
[Debug] 2020-09-06 10:49:28 Parsing instrumentation file 'C:\Logger Component\asp\WebApplication1\WebApplication1\bin\Debug\netcoreapp3.1\newrelic\extensions\NewRelic.Providers.Wrapper.StackExchangeRedis.Instrumentation.xml
[Info ] 2020-09-06 10:49:28 Command line: "C:\Logger Component\asp\WebApplication1\WebApplication1\bin\Debug\netcoreapp3.1\WebApplication1.exe"
[Debug] 2020-09-06 10:49:28 Calling SetEventMask2().
[Info ] 2020-09-06 10:49:28 Profiler initialized
[Debug] 2020-09-06 10:49:28 Found 1 method(s) matching BuildCommonServices
[Debug] 2020-09-06 10:49:28 Found 1 method(s) matching ConfigureWebHost
[Debug] 2020-09-06 10:49:28 ReJit success
[Debug] 2020-09-06 10:49:28 Request reJIT: [140712040098664] (Module: C:\Program Files\dotnet\shared\Microsoft.AspNetCore.App\3.1.7\Microsoft.AspNetCore.Hosting.dll, AppDomain: clrhost)[Microsoft.AspNetCore.Hosting]Microsoft.Extensions.Hosting.GenericHostWebHostBuilderExtensions.ConfigureWebHost(Microsoft.Extensions.Hosting.IHostBuilder,System.Action`1[Microsoft.AspNetCore.Hosting.IWebHostBuilder])
[Info ] 2020-09-06 10:49:28 Instrumenting method: (Module: C:\Program Files\dotnet\shared\Microsoft.AspNetCore.App\3.1.7\Microsoft.AspNetCore.Hosting.dll, AppDomain: clrhost)[Microsoft.AspNetCore.Hosting]Microsoft.Extensions.Hosting.GenericHostWebHostBuilderExtensions.ConfigureWebHost(Microsoft.Extensions.Hosting.IHostBuilder,System.Action`1[Microsoft.AspNetCore.Hosting.IWebHostBuilder])
[Debug] 2020-09-06 10:49:32 Found 4 method(s) matching SendAsync
[Debug] 2020-09-06 10:49:32 ReJit success
[Debug] 2020-09-06 10:49:33 Request reJIT: [140712053529448] (Module: C:\Program Files\dotnet\shared\Microsoft.NETCore.App\3.1.7\System.Net.Http.dll, AppDomain: clrhost)[System.Net.Http]System.Net.Http.HttpClient.SendAsync(System.Net.Http.HttpRequestMessage,System.Net.Http.HttpCompletionOption,System.Threading.CancellationToken)
[Info ] 2020-09-06 10:49:33 Instrumenting method: (Module: C:\Program Files\dotnet\shared\Microsoft.NETCore.App\3.1.7\System.Net.Http.dll, AppDomain: clrhost)[System.Net.Http]System.Net.Http.HttpClient.SendAsync(System.Net.Http.HttpRequestMessage,System.Net.Http.HttpCompletionOption,System.Threading.CancellationToken)
[Debug] 2020-09-06 10:49:33 Rewriting multi-return method
[Info ] 2020-09-06 10:49:36 Unable to find Microsoft.AspNetCore.Mvc.Internal.ControllerActionInvoker for rejit. HR:-2146234064
[Debug] 2020-09-06 10:49:36 Found 1 method(s) matching InvokeActionMethodAsync
[Debug] 2020-09-06 10:49:36 ReJit success
[Debug] 2020-09-06 10:49:48 Request reJIT: [140712062784024] (Module: C:\Program Files\dotnet\shared\Microsoft.AspNetCore.App\3.1.7\Microsoft.AspNetCore.Mvc.Core.dll, AppDomain: clrhost)[Microsoft.AspNetCore.Mvc.Core]Microsoft.AspNetCore.Mvc.Infrastructure.ControllerActionInvoker.InvokeActionMethodAsync()
[Info ] 2020-09-06 10:49:48 Instrumenting method: (Module: C:\Program Files\dotnet\shared\Microsoft.AspNetCore.App\3.1.7\Microsoft.AspNetCore.Mvc.Core.dll, AppDomain: clrhost)[Microsoft.AspNetCore.Mvc.Core]Microsoft.AspNetCore.Mvc.Infrastructure.ControllerActionInvoker.InvokeActionMethodAsync()
[Debug] 2020-09-06 10:49:48 Rewriting multi-return method
[Info ] 2020-09-06 11:36:31 Profiler shutting down
[Info ] 2020-09-06 11:36:31 Profiler shutdown
